<?xml version="1.0" encoding="utf-8"?><testsuites><testsuite name="pytest" errors="0" failures="0" skipped="0" tests="1" time="1.513" timestamp="2023-11-30T16:44:55.147626" hostname="biobb-runners"><testcase classname="biobb_template.test.unitests.test_template.test_template.TestTemplate" name="test_template" time="1.244" /></testsuite></testsuites>