<?xml version="1.0" encoding="utf-8"?><testsuites><testsuite name="pytest" errors="0" failures="0" skipped="0" tests="1" time="1.475" timestamp="2023-11-30T16:41:53.657104" hostname="biobb-runners"><testcase classname="biobb_template.test.unitests.test_template.test_template.TestTemplate" name="test_template" time="1.198" /></testsuite></testsuites>